INFO    | Android emulator version 33.1.24.0 (build_id 11237101) (CL:N/A)
DEBUG   | Current emulator version 33.1.24 is the same as the required version 33.1.24.
INFO    | Found systemPath /home/denada/Android/Sdk/system-images/android-34/google_apis/x86_64/
INFO    | Storing crashdata in: , detection is enabled for process: 38759
INFO    | Duplicate loglines will be removed, if you wish to see each individual line launch with the -log-nofilter flag.
DEBUG   | autoconfig: -skin 1080x2160
DEBUG   | autoconfig: -skindir (null)
DEBUG   | autoconfig: -kernel /home/denada/Android/Sdk/system-images/android-34/google_apis/x86_64//kernel-ranchu
DEBUG   | Target arch = 'x86_64'
DEBUG   | Auto-detect: Kernel image requires new device naming scheme.
DEBUG   | Auto-detect: Kernel does not support YAFFS2 partitions.
DEBUG   | autoconfig: -ramdisk /home/denada/Android/Sdk/system-images/android-34/google_apis/x86_64//ramdisk.img
DEBUG   | Using initial system image: /home/denada/Android/Sdk/system-images/android-34/google_apis/x86_64//system.img
DEBUG   | Using initial vendor image: /home/denada/Android/Sdk/system-images/android-34/google_apis/x86_64//vendor.img
DEBUG   | autoconfig: -data /home/denada/.android/avd/../avd/pixel-3-34.avd/userdata-qemu.img
DEBUG   | autoconfig: -initdata /home/denada/.android/avd/../avd/pixel-3-34.avd/userdata.img
DEBUG   | autoconfig: -cache /home/denada/.android/avd/../avd/pixel-3-34.avd/cache.img
INFO    | Increasing RAM size to 2048MB
DEBUG   | VM heap size 0MB is below hardware specified minimum of 512MB,setting it to that value
DEBUG   | System image is read only
DEBUG   | Found 1 DNS servers:
DEBUG   | 	127.0.0.53
DEBUG   | Starting hostapd main loop.
DEBUG   | found magic skin width=1080 height=2160 bpp=16
WARNING | File System is not ext4, disable QuickbootFileBacked feature
DEBUG   | Requested console port 11690: Inferring adb port 11691.
DEBUG   | CPU Acceleration: working
DEBUG   | CPU Acceleration status: KVM (version 12) is installed and usable.
DEBUG   | handleCpuAcceleration: feature check for hvf
DEBUG   | Bluetooth requested by guest
DEBUG   | started modem simulator host server at port: 38885
INFO    | Info: Warning: Ignoring XDG_SESSION_TYPE=wayland on Gnome. Use QT_QPA_PLATFORM=wayland to run on Wayland anyway. ((null):0, (null))
Fontconfig warning: "/usr/share/fontconfig/conf.avail/05-reset-dirs-sample.conf", line 6: unknown element "reset-dirs"
library_mode host gpu mode host
DEBUG   | GPU emulation enabled using 'host' mode
DEBUG   | Initializing hardware OpenGLES emulation support
I0110 14:56:02.595404   38759 HealthMonitor.cpp:279] HealthMonitor disabled.
DEBUG   | create display 0
DEBUG   | setDisplayPose 0 x 0 y 0 w 1080 h 2160 dpi 0
cannot add library libvulkan.so: failed
added library libvulkan.so.1
createGlobalVkEmulation:963 Selecting Vulkan device: Intel(R) HD Graphics 5500 (BDW GT2)
initialize: Supports id properties, got a vulkan device UUID
WARNING: could not open libX11.so, try libX11.so.6
I0110 14:56:02.849093   38759 VkCommonOperations.cpp:1225] Initializing VkEmulation features:
I0110 14:56:02.849130   38759 VkCommonOperations.cpp:1226]     glInteropSupported: true
I0110 14:56:02.849138   38759 VkCommonOperations.cpp:1227]     useDeferredCommands: true
I0110 14:56:02.849145   38759 VkCommonOperations.cpp:1229]     createResourceWithRequirements: true
I0110 14:56:02.849152   38759 VkCommonOperations.cpp:1230]     useVulkanComposition: false
I0110 14:56:02.849158   38759 VkCommonOperations.cpp:1231]     useVulkanNativeSwapchain: false
I0110 14:56:02.849165   38759 VkCommonOperations.cpp:1232]     enable guestRenderDoc: false
I0110 14:56:02.849172   38759 VkCommonOperations.cpp:1233]     ASTC LDR emulation mode: 2
I0110 14:56:02.849178   38759 VkCommonOperations.cpp:1234]     enable ETC2 emulation: true
I0110 14:56:02.849185   38759 VkCommonOperations.cpp:1235]     enable Ycbcr emulation: false
I0110 14:56:02.849192   38759 VkCommonOperations.cpp:1236]     guestUsesAngle: false
I0110 14:56:02.849212   38759 VkCommonOperations.cpp:1237]     useDedicatedAllocations: true
I0110 14:56:02.849408   38759 FrameBuffer.cpp:486] Graphics Adapter Vendor Google (Intel)
I0110 14:56:02.849421   38759 FrameBuffer.cpp:487] Graphics Adapter Android Emulator OpenGL ES Translator (Mesa Intel(R) HD Graphics 5500 (BDW GT2))
I0110 14:56:02.849428   38759 FrameBuffer.cpp:488] Graphics API Version OpenGL ES 3.0 (4.6 (Core Profile) Mesa 23.3.1)
I0110 14:56:02.849435   38759 FrameBuffer.cpp:489] Graphics API Extensions GL_OES_EGL_sync GL_OES_EGL_image GL_OES_EGL_image_external GL_OES_depth24 GL_OES_depth32 GL_OES_element_index_uint GL_OES_texture_float GL_OES_texture_float_linear GL_OES_compressed_paletted_texture GL_OES_compressed_ETC1_RGB8_texture GL_OES_depth_texture GL_OES_texture_half_float GL_OES_texture_half_float_linear GL_OES_packed_depth_stencil GL_OES_vertex_half_float GL_OES_texture_npot GL_OES_rgb8_rgba8 GL_EXT_color_buffer_float GL_EXT_color_buffer_half_float GL_EXT_shader_framebuffer_fetch GL_EXT_texture_format_BGRA8888 GL_APPLE_texture_format_BGRA8888 
I0110 14:56:02.849450   38759 FrameBuffer.cpp:490] Graphics Device Extensions N/A
INFO    | Setting vsync to 60 hz
INFO    | Sending adb public key [QAAAAOUa+ZYT7VlELzEvr12BTZyBax0ujHmz3bNgEwXX/kuzSs+itr9381aBRdVP9JYmpiQLJgmTEic2PA3uWFju9Anlb/ri7E4G5bP9vEtdKGGrNn8oNJ05dVH+Errk9MCCDwpkWPG8OcjRpLVPDrxR99z4eD0ORQReVtBK0HOSPBCn9SijFWfHyybcZOfZasVpnHX836aqYNlwX+6py3ryqTtowXijVBuQb9RmzQ1i5M7QiRXZRtUl1fx7O27rfSO7+nbq/QJWx//eFKdoiZG45o+3k4pepP/I5hrDxT1w4bancAL95a2khd0FAgikedYbKjmn8B1wcKZ4PyEey00bCJwUUOLgt8x3qhwXEzI5z5R2z3pKKVsT0PHLPicohtW9z1qcVHfxYl6au7yNAavVhocnsuTGTev02HR9iuz9+XXoD33Fk7cZDfaLl/OXXK8R+dWT3sjA+V/SDJ7RrCcQQoA43zhkIt4b0vcoparwn8bH+JBl6eYPtE2YohdizvaqveBc2jIseYEOlTnLTdR7v6dsM4V72JaMIUeqE7g0x7pVKyanS1rt9Oh0fMoAHZS6ZI7eomtLlHv2V3/cnSjYH+kaC8DocZTsTyciH4fWS9DGtnZVi++7Mkxc67WIP1Oq1wub+mJ6QvhSA/1YrKnR4fNf+Ia7AFNF9sLf7NqxDu+HUwVQXAEAAQA= denada@JossThinkpadX1]
DEBUG   | Found 1 DNS servers:
DEBUG   | 	127.0.0.53
INFO    | Content of hardware configuration file:
INFO    | 	hw.cpu.arch = x86_64
INFO    | 	hw.cpu.ncore = 2
INFO    | 	hw.ramSize = 2048
INFO    | 	hw.screen = multi-touch
INFO    | 	hw.mainKeys = false
INFO    | 	hw.trackBall = false
INFO    | 	hw.keyboard = false
INFO    | 	hw.keyboard.lid = true
INFO    | 	hw.keyboard.charmap = qwerty2
INFO    | 	hw.dPad = false
INFO    | 	hw.rotaryInput = false
INFO    | 	hw.gsmModem = true
INFO    | 	hw.gps = true
INFO    | 	hw.battery = true
INFO    | 	hw.accelerometer = true
INFO    | 	hw.accelerometer_uncalibrated = true
INFO    | 	hw.gyroscope = true
INFO    | 	hw.audioInput = true
INFO    | 	hw.audioOutput = true
INFO    | 	hw.sdCard = true
INFO    | 	disk.cachePartition = true
INFO    | 	disk.cachePartition.path = /home/denada/.android/avd/../avd/pixel-3-34.avd/cache.img
INFO    | 	disk.cachePartition.size = 66m
INFO    | 	test.quitAfterBootTimeOut = -1
INFO    | 	test.delayAdbTillBootComplete = 0
INFO    | 	test.monitorAdb = 0
INFO    | 	hw.lcd.width = 1080
INFO    | 	hw.lcd.height = 2160
INFO    | 	hw.lcd.depth = 16
INFO    | 	hw.lcd.circular = false
INFO    | 	hw.lcd.density = 440
INFO    | 	hw.lcd.backlight = true
INFO    | 	hw.lcd.vsync = 60
INFO    | 	hw.gltransport = pipe
INFO    | 	hw.gltransport.asg.writeBufferSize = 1048576
INFO    | 	hw.gltransport.asg.writeStepSize = 4096
INFO    | 	hw.gltransport.asg.dataRingSize = 32768
INFO    | 	hw.gltransport.drawFlushInterval = 800
INFO    | 	hw.displayRegion.0.1.xOffset = -1
INFO    | 	hw.displayRegion.0.1.yOffset = -1
INFO    | 	hw.displayRegion.0.1.width = 0
INFO    | 	hw.displayRegion.0.1.height = 0
INFO    | 	hw.displayRegion.0.2.xOffset = -1
INFO    | 	hw.displayRegion.0.2.yOffset = -1
INFO    | 	hw.displayRegion.0.2.width = 0
INFO    | 	hw.displayRegion.0.2.height = 0
INFO    | 	hw.displayRegion.0.3.xOffset = -1
INFO    | 	hw.displayRegion.0.3.yOffset = -1
INFO    | 	hw.displayRegion.0.3.width = 0
INFO    | 	hw.displayRegion.0.3.height = 0
INFO    | 	hw.display1.width = 0
INFO    | 	hw.display1.height = 0
INFO    | 	hw.display1.density = 0
INFO    | 	hw.display1.xOffset = -1
INFO    | 	hw.display1.yOffset = -1
INFO    | 	hw.display1.flag = 0
INFO    | 	hw.display2.width = 0
INFO    | 	hw.display2.height = 0
INFO    | 	hw.display2.density = 0
INFO    | 	hw.display2.xOffset = -1
INFO    | 	hw.display2.yOffset = -1
INFO    | 	hw.display2.flag = 0
INFO    | 	hw.display3.width = 0
INFO    | 	hw.display3.height = 0
INFO    | 	hw.display3.density = 0
INFO    | 	hw.display3.xOffset = -1
INFO    | 	hw.display3.yOffset = -1
INFO    | 	hw.display3.flag = 0
INFO    | 	hw.multi_display_window = false
INFO    | 	hw.hotplug_multi_display = false
INFO    | 	hw.gpu.enabled = true
INFO    | 	hw.gpu.mode = host
INFO    | 	hw.initialOrientation = portrait
INFO    | 	hw.camera.back = emulated
INFO    | 	hw.camera.front = none
INFO    | 	vm.heapSize = 512
INFO    | 	hw.sensors.light = true
INFO    | 	hw.sensors.pressure = true
INFO    | 	hw.sensors.humidity = true
INFO    | 	hw.sensors.proximity = true
INFO    | 	hw.sensors.magnetic_field = true
INFO    | 	hw.sensors.magnetic_field_uncalibrated = true
INFO    | 	hw.sensors.gyroscope_uncalibrated = true
INFO    | 	hw.sensors.orientation = true
INFO    | 	hw.sensors.temperature = true
INFO    | 	hw.sensors.rgbclight = false
INFO    | 	hw.sensor.hinge = false
INFO    | 	hw.sensor.hinge.count = 0
INFO    | 	hw.sensor.hinge.type = 0
INFO    | 	hw.sensor.hinge.sub_type = 0
INFO    | 	hw.sensor.hinge.resizable.config = 1
INFO    | 	hw.sensor.hinge.fold_to_displayRegion.0.1_at_posture = 1
INFO    | 	hw.sensor.roll = false
INFO    | 	hw.sensor.roll.count = 0
INFO    | 	hw.sensor.roll.resize_to_displayRegion.0.1_at_posture = 6
INFO    | 	hw.sensor.roll.resize_to_displayRegion.0.2_at_posture = 6
INFO    | 	hw.sensor.roll.resize_to_displayRegion.0.3_at_posture = 6
INFO    | 	hw.sensors.heart_rate = false
INFO    | 	hw.sensors.wrist_tilt = false
INFO    | 	hw.useext4 = true
INFO    | 	hw.arc = false
INFO    | 	hw.arc.autologin = false
INFO    | 	hw.device.name = pixel_3
INFO    | 	kernel.path = /home/denada/Android/Sdk/system-images/android-34/google_apis/x86_64//kernel-ranchu
INFO    | 	kernel.newDeviceNaming = yes
INFO    | 	kernel.supportsYaffs2 = no
INFO    | 	disk.ramdisk.path = /home/denada/Android/Sdk/system-images/android-34/google_apis/x86_64//ramdisk.img
INFO    | 	disk.systemPartition.initPath = /home/denada/Android/Sdk/system-images/android-34/google_apis/x86_64//system.img
INFO    | 	disk.systemPartition.size = 4107m
INFO    | 	disk.vendorPartition.initPath = /home/denada/Android/Sdk/system-images/android-34/google_apis/x86_64//vendor.img
INFO    | 	disk.vendorPartition.size = 800m
INFO    | 	disk.dataPartition.path = /home/denada/.android/avd/../avd/pixel-3-34.avd/userdata-qemu.img
INFO    | 	disk.dataPartition.size = 6g
INFO    | 	disk.encryptionKeyPartition.path = /home/denada/.android/avd/../avd/pixel-3-34.avd/encryptionkey.img
INFO    | 	PlayStore.enabled = false
INFO    | 	avd.name = pixel-3-34
INFO    | 	avd.id = pixel-3-34
INFO    | 	fastboot.forceColdBoot = false
INFO    | 	userdata.useQcow2 = true
INFO    | 	firstboot.bootFromDownloadableSnapshot = true
INFO    | 	firstboot.bootFromLocalSnapshot = true
INFO    | 	firstboot.saveToLocalSnapshot = true
INFO    | 	android.sdk.root = /home/denada/Android/Sdk
INFO    | 	android.avd.home = /home/denada/.android/avd
INFO    | .
INFO    | QEMU options list:
INFO    | 	 argv[00] = "/home/denada/Android/Sdk/emulator/qemu/linux-x86_64/qemu-system-x86_64"
INFO    | 	 argv[01] = "-read-only"
INFO    | 	 argv[02] = "-dns-server"
INFO    | 	 argv[03] = "127.0.0.53"
INFO    | 	 argv[04] = "-no-audio"
INFO    | 	 argv[05] = "-serial"
INFO    | 	 argv[06] = "null"
INFO    | 	 argv[07] = "-android-ports"
INFO    | 	 argv[08] = "11690,11691"
INFO    | 	 argv[09] = "-device"
INFO    | 	 argv[10] = "goldfish_pstore,addr=0xff018000,size=0x10000,file=/home/denada/.android/avd/../avd/pixel-3-34.avd/data/misc/pstore/pstore.bin"
INFO    | 	 argv[11] = "-cpu"
INFO    | 	 argv[12] = "android64-xts"
INFO    | 	 argv[13] = "-enable-kvm"
INFO    | 	 argv[14] = "-smp"
INFO    | 	 argv[15] = "cores=2"
INFO    | 	 argv[16] = "-m"
INFO    | 	 argv[17] = "2048"
INFO    | 	 argv[18] = "-lcd-density"
INFO    | 	 argv[19] = "440"
INFO    | 	 argv[20] = "-object"
INFO    | 	 argv[21] = "iothread,id=disk-iothread"
INFO    | 	 argv[22] = "-nodefaults"
INFO    | 	 argv[23] = "-kernel"
INFO    | 	 argv[24] = "/home/denada/Android/Sdk/system-images/android-34/google_apis/x86_64//kernel-ranchu"
INFO    | 	 argv[25] = "-initrd"
INFO    | 	 argv[26] = "/home/denada/.android/avd/../avd/pixel-3-34.avd/initrd"
INFO    | 	 argv[27] = "-drive"
INFO    | 	 argv[28] = "if=none,index=0,id=system,if=none,file=/home/denada/Android/Sdk/system-images/android-34/google_apis/x86_64//system.img,read-only"
INFO    | 	 argv[29] = "-device"
INFO    | 	 argv[30] = "virtio-blk-pci,drive=system,iothread=disk-iothread,modern-pio-notify"
INFO    | 	 argv[31] = "-drive"
INFO    | 	 argv[32] = "if=none,index=1,id=cache,if=none,file=/home/denada/.android/avd/../avd/pixel-3-34.avd/cache.img.qcow2,overlap-check=none,cache=unsafe,l2-cache-size=1048576"
INFO    | 	 argv[33] = "-device"
INFO    | 	 argv[34] = "virtio-blk-pci,drive=cache,iothread=disk-iothread,modern-pio-notify"
INFO    | 	 argv[35] = "-drive"
INFO    | 	 argv[36] = "if=none,index=2,id=userdata,if=none,file=/home/denada/.android/avd/../avd/pixel-3-34.avd/userdata-qemu.img.qcow2,overlap-check=none,cache=unsafe,l2-cache-size=1048576"
INFO    | 	 argv[37] = "-device"
INFO    | 	 argv[38] = "virtio-blk-pci,drive=userdata,iothread=disk-iothread,modern-pio-notify"
INFO    | 	 argv[39] = "-drive"
INFO    | 	 argv[40] = "if=none,index=3,id=encrypt,if=none,file=/home/denada/.android/avd/../avd/pixel-3-34.avd/encryptionkey.img.qcow2,overlap-check=none,cache=unsafe,l2-cache-size=1048576"
INFO    | 	 argv[41] = "-device"
INFO    | 	 argv[42] = "virtio-blk-pci,drive=encrypt,iothread=disk-iothread,modern-pio-notify"
INFO    | 	 argv[43] = "-drive"
INFO    | 	 argv[44] = "if=none,index=4,id=vendor,if=none,file=/home/denada/Android/Sdk/system-images/android-34/google_apis/x86_64//vendor.img,read-only"
INFO    | 	 argv[45] = "-device"
INFO    | 	 argv[46] = "virtio-blk-pci,drive=vendor,iothread=disk-iothread,modern-pio-notify"
INFO    | 	 argv[47] = "-netdev"
INFO    | 	 argv[48] = "user,id=mynet"
INFO    | 	 argv[49] = "-device"
INFO    | 	 argv[50] = "virtio-net-pci,netdev=mynet"
INFO    | 	 argv[51] = "-chardev"
INFO    | 	 argv[52] = "null,id=forhvc0"
INFO    | 	 argv[53] = "-chardev"
INFO    | 	 argv[54] = "null,id=forhvc1"
INFO    | 	 argv[55] = "-device"
INFO    | 	 argv[56] = "virtio-serial-pci,ioeventfd=off"
INFO    | 	 argv[57] = "-device"
INFO    | 	 argv[58] = "virtconsole,chardev=forhvc0"
INFO    | 	 argv[59] = "-device"
INFO    | 	 argv[60] = "virtconsole,chardev=forhvc1"
INFO    | 	 argv[61] = "-chardev"
INFO    | 	 argv[62] = "netsim,id=bluetooth"
INFO    | 	 argv[63] = "-device"
INFO    | 	 argv[64] = "virtserialport,chardev=bluetooth,name=bluetooth"
INFO    | 	 argv[65] = "-device"
INFO    | 	 argv[66] = "virtio-serial,ioeventfd=off"
INFO    | 	 argv[67] = "-chardev"
INFO    | 	 argv[68] = "socket,port=44243,host=::1,nowait,nodelay,reconnect=10,ipv6,id=modem"
INFO    | 	 argv[69] = "-device"
INFO    | 	 argv[70] = "virtserialport,chardev=modem,name=modem"
INFO    | 	 argv[71] = "-device"
INFO    | 	 argv[72] = "virtio-rng-pci"
INFO    | 	 argv[73] = "-show-cursor"
INFO    | 	 argv[74] = "-device"
INFO    | 	 argv[75] = "virtio_input_multi_touch_pci_1"
INFO    | 	 argv[76] = "-device"
INFO    | 	 argv[77] = "virtio_input_multi_touch_pci_2"
INFO    | 	 argv[78] = "-device"
INFO    | 	 argv[79] = "virtio_input_multi_touch_pci_3"
INFO    | 	 argv[80] = "-device"
INFO    | 	 argv[81] = "virtio_input_multi_touch_pci_4"
INFO    | 	 argv[82] = "-device"
INFO    | 	 argv[83] = "virtio_input_multi_touch_pci_5"
INFO    | 	 argv[84] = "-device"
INFO    | 	 argv[85] = "virtio_input_multi_touch_pci_6"
INFO    | 	 argv[86] = "-device"
INFO    | 	 argv[87] = "virtio_input_multi_touch_pci_7"
INFO    | 	 argv[88] = "-device"
INFO    | 	 argv[89] = "virtio_input_multi_touch_pci_8"
INFO    | 	 argv[90] = "-device"
INFO    | 	 argv[91] = "virtio_input_multi_touch_pci_9"
INFO    | 	 argv[92] = "-device"
INFO    | 	 argv[93] = "virtio_input_multi_touch_pci_10"
INFO    | 	 argv[94] = "-device"
INFO    | 	 argv[95] = "virtio_input_multi_touch_pci_11"
INFO    | 	 argv[96] = "-netdev"
INFO    | 	 argv[97] = "user,id=virtio-wifi,dhcpstart=10.0.2.16"
INFO    | 	 argv[98] = "-device"
INFO    | 	 argv[99] = "virtio-wifi-pci,netdev=virtio-wifi"
INFO    | 	 argv[100] = "-device"
INFO    | 	 argv[101] = "virtio-vsock-pci,guest-cid=77"
INFO    | 	 argv[102] = "-L"
INFO    | 	 argv[103] = "/home/denada/Android/Sdk/emulator/lib/pc-bios"
INFO    | 	 argv[104] = "-soundhw"
INFO    | 	 argv[105] = "virtio-snd-pci"
INFO    | 	 argv[106] = "-vga"
INFO    | 	 argv[107] = "none"
INFO    | 	 argv[108] = "-append"
INFO    | 	 argv[109] = "no_timer_check 8250.nr_uarts=1 clocksource=pit console=0 cma=292M@0-4G loop.max_part=7 ramoops.mem_address=0xff018000 ramoops.mem_size=0x10000 memmap=0x10000$0xff018000 printk.devkmsg=on bootconfig"
INFO    | 	 argv[110] = "-android-hw"
INFO    | 	 argv[111] = "/tmp/android-denada/emulator-AjGpft"
INFO    | Concatenated QEMU options: /home/denada/Android/Sdk/emulator/qemu/linux-x86_64/qemu-system-x86_64 -read-only -dns-server 127.0.0.53 -no-audio -serial null -android-ports 11690,11691 -device goldfish_pstore,addr=0xff018000,size=0x10000,file=/home/denada/.android/avd/../avd/pixel-3-34.avd/data/misc/pstore/pstore.bin -cpu android64-xts -enable-kvm -smp cores=2 -m 2048 -lcd-density 440 -object iothread,id=disk-iothread -nodefaults -kernel /home/denada/Android/Sdk/system-images/android-34/google_apis/x86_64//kernel-ranchu -initrd /home/denada/.android/avd/../avd/pixel-3-34.avd/initrd -drive if=none,index=0,id=system,if=none,file=/home/denada/Android/Sdk/system-images/android-34/google_apis/x86_64//system.img,read-only -device virtio-blk-pci,drive=system,iothread=disk-iothread,modern-pio-notify -drive if=none,index=1,id=cache,if=none,file=/home/denada/.android/avd/../avd/pixel-3-34.avd/cache.img.qcow2,overlap-check=none,cache=unsafe,l2-cache-size=1048576 -device virtio-blk-pci,drive=cache,iothread=disk-iothread,modern-pio-notify -drive if=none,index=2,id=userdata,if=none,file=/home/denada/.android/avd/../avd/pixel-3-34.avd/userdata-qemu.img.qcow2,overlap-check=none,cache=unsafe,l2-cache-size=1048576 -device virtio-blk-pci,drive=userdata,iothread=disk-iothread,modern-pio-notify -drive if=none,index=3,id=encrypt,if=none,file=/home/denada/.android/avd/../avd/pixel-3-34.avd/encryptionkey.img.qcow2,overlap-check=none,cache=unsafe,l2-cache-size=1048576 -device virtio-blk-pci,drive=encrypt,iothread=disk-iothread,modern-pio-notify -drive if=none,index=4,id=vendor,if=none,file=/home/denada/Android/Sdk/system-images/android-34/google_apis/x86_64//vendor.img,read-only -device virtio-blk-pci,drive=vendor,iothread=disk-iothread,modern-pio-notify -netdev user,id=mynet -device virtio-net-pci,netdev=mynet -chardev null,id=forhvc0 -chardev null,id=forhvc1 -device virtio-serial-pci,ioeventfd=off -device virtconsole,chardev=forhvc0 -device virtconsole,chardev=forhvc1 -chardev netsim,id=bluetooth -device virtserialport,chardev=
DEBUG   | Android qemu version 33.1.24.0 (build_id 11237101) (CL:N/A)
DEBUG   | Starting QEMU main loop
DEBUG   | registered 'boot-properties' qemud service
DEBUG   | Adding boot property: 'ro.opengles.version' = '196609'
DEBUG   | Adding boot property: 'qemu.sf.fake_camera' = 'back'
DEBUG   | Adding boot property: 'dalvik.vm.heapsize' = '512m'
DEBUG   | Adding boot property: 'qemu.hw.mainkeys' = '0'
DEBUG   | Adding boot property: 'qemu.sf.lcd_density' = '440'
DEBUG   | goldfish_events.have-dpad: false
DEBUG   | goldfish_events.have-trackball: false
DEBUG   | goldfish_events.have-camera: true
DEBUG   | goldfish_events.have-keyboard: false
DEBUG   | goldfish_events.have-lidswitch: true
DEBUG   | goldfish_events.have-tabletmode: false
DEBUG   | goldfish_events.have-touch: false
DEBUG   | goldfish_events.have-multitouch: false
DEBUG   | Adding boot property: 'net.wifi_mac_prefix' = '11690'
WARNING: cannnot unmap ptr 0x7f7c0db81000 as it is in the protected range from 0x7f7c0db81000 to 0x7f7c8dd81000
WARNING: cannnot unmap ptr 0x7f7c8dc01000 as it is in the protected range from 0x7f7c0db81000 to 0x7f7c8dd81000
WARNING | Requested adb port (11691) is outside the recommended range [5555,5586]. ADB may not function properly for the emulator. See -help-port for details.
DEBUG   | Not using any http proxy
DEBUG   | Adding boot property: 'qemu.timezone' = 'Europe/Belfast'
DEBUG   | android_hw_fingerprint_init: fingerprint qemud listen service initialized
DEBUG   | Successfully initialized Wi-Fi
DEBUG   | emulator_window_fb_rotate
I0110 14:56:03.187789   38825 FrameBuffer.cpp:3682] setDisplayConfigs w 1080 h 2160 dpiX 440 dpiY 440
DEBUG   | setDisplayPose 0 x 0 y 0 w 1080 h 2160 dpi 0
I0110 14:56:03.187822   38825 FrameBuffer.cpp:3695] setDisplayActiveConfig 0
DEBUG   | Path:/home/denada/Android/Sdk/platform-tools/adb protocol version: 41
DEBUG   | Path:/home/denada/Android/Sdk/platform-tools/adb protocol version: 41
DEBUG   | Path:/usr/bin/adb protocol version: 41
DEBUG   | Found: 3 adb executables
DEBUG   | Adb: /home/denada/Android/Sdk/platform-tools/adb
DEBUG   | Adb: /home/denada/Android/Sdk/platform-tools/adb
DEBUG   | Adb: /usr/bin/adb
DEBUG   | Path:/home/denada/Android/Sdk/platform-tools/adb protocol version: 41
DEBUG   | Path:/home/denada/Android/Sdk/platform-tools/adb protocol version: 41
DEBUG   | Path:/usr/bin/adb protocol version: 41
DEBUG   | config multidisplay with config.ini 0x0 0x0 0x0
DEBUG   | No acpi ini file provided, using default
DEBUG   | added one RIL client
INFO    | Loading snapshot 'default_boot'...
INFO    | Your emulator is out of date, please update by launching Android Studio:
 - Start Android Studio
 - Select menu "Tools > Android > SDK Manager"
 - Click "SDK Tools" tab
 - Check "Android Emulator" checkbox
 - Click "OK"
INFO    | Activated packet streamer for bluetooth emulation
DEBUG   | Adding boot property: 'ro.opengles.version' = '196609'
DEBUG   | Adding boot property: 'qemu.sf.fake_camera' = 'back'
DEBUG   | Adding boot property: 'dalvik.vm.heapsize' = '512m'
DEBUG   | Adding boot property: 'qemu.hw.mainkeys' = '0'
DEBUG   | Adding boot property: 'qemu.sf.lcd_density' = '440'
DEBUG   | Adding boot property: 'net.wifi_mac_prefix' = '5554'
DEBUG   | Adding boot property: 'qemu.timezone' = 'Europe/Belfast'
DEBUG   | Registering pipe service multidisplay
DEBUG   | MultiDisplayPipe created 0x55780c671260
DEBUG   | _hwFingerprint_connect: connect finger print listen is called
qemu-system-x86_64: warning: TSC frequency mismatch between VM (2593998 kHz) and host (2593994 kHz), and TSC scaling unavailable
qemu-system-x86_64: warning: TSC frequency mismatch between VM (2593998 kHz) and host (2593994 kHz), and TSC scaling unavailable
INFO    | Successfully loaded snapshot 'default_boot'
DEBUG   | calling ctec from remote
DEBUG   | added one remote client
E0110 14:56:12.129616   39028 FrameBuffer.cpp:3736] Failed to find ColorBuffer:0
DEBUG   | getMultiDisplay 0 x -1 y -1 w 1080 h 2160 dpi 440 flag 0 enable 1
E0110 14:56:15.082580   39034 FrameBuffer.cpp:3736] Failed to find ColorBuffer:0
DEBUG   | getMultiDisplay 0 x -1 y -1 w 1080 h 2160 dpi 440 flag 0 enable 1
DEBUG   | Data frame has invalid ether type 0
DEBUG   | Unexpected ether type: 0. Dump frame: Data (Data)
DEBUG   | getMultiDisplay 0 x -1 y -1 w 1080 h 2160 dpi 440 flag 0 enable 1
DEBUG   | getMultiDisplay 0 x -1 y -1 w 1080 h 2160 dpi 440 flag 0 enable 1 (17x)
DEBUG   | setDisplayColorBuffer 0 cb 8
DEBUG   | setDisplayColorBuffer 0 cb 7
DEBUG   | setDisplayColorBuffer 0 cb 8
DEBUG   | setDisplayColorBuffer 0 cb 7
DEBUG   | getMultiDisplay 0 x 0 y 0 w 1080 h 2160 dpi 440 flag 0 enable 1
DEBUG   | getMultiDisplay 0 x 0 y 0 w 1080 h 2160 dpi 440 flag 0 enable 1 (7x)
DEBUG   | setDisplayColorBuffer 0 cb 8
DEBUG   | setDisplayColorBuffer 0 cb 7
DEBUG   | setDisplayColorBuffer 0 cb 8
DEBUG   | setDisplayColorBuffer 0 cb 7
DEBUG   | setDisplayColorBuffer 0 cb 8
DEBUG   | setDisplayColorBuffer 0 cb 7
DEBUG   | setDisplayColorBuffer 0 cb 8
DEBUG   | setDisplayColorBuffer 0 cb 7
DEBUG   | setDisplayColorBuffer 0 cb 8
DEBUG   | setDisplayColorBuffer 0 cb 7
DEBUG   | setDisplayColorBuffer 0 cb 8
DEBUG   | setDisplayColorBuffer 0 cb 7
DEBUG   | setDisplayColorBuffer 0 cb 8
DEBUG   | setDisplayColorBuffer 0 cb 7
DEBUG   | setDisplayColorBuffer 0 cb 8
DEBUG   | setDisplayColorBuffer 0 cb 7
E0110 14:57:04.171688   39028 FrameBuffer.cpp:3736] Failed to find ColorBuffer:0
DEBUG   | setDisplayColorBuffer 0 cb 8
DEBUG   | setDisplayColorBuffer 0 cb 7
DEBUG   | setDisplayColorBuffer 0 cb 8
DEBUG   | setDisplayColorBuffer 0 cb 7
DEBUG   | setDisplayColorBuffer 0 cb 8
DEBUG   | setDisplayColorBuffer 0 cb 7
DEBUG   | setDisplayColorBuffer 0 cb 8
DEBUG   | setDisplayColorBuffer 0 cb 7
DEBUG   | setDisplayColorBuffer 0 cb 8
DEBUG   | setDisplayColorBuffer 0 cb 7
DEBUG   | setDisplayColorBuffer 0 cb 8
DEBUG   | getMultiDisplay 0 x 0 y 0 w 1080 h 2160 dpi 440 flag 0 enable 1
DEBUG   | getMultiDisplay 0 x 0 y 0 w 1080 h 2160 dpi 440 flag 0 enable 1 (11x)
DEBUG   | setDisplayColorBuffer 0 cb 7
DEBUG   | getMultiDisplay 0 x 0 y 0 w 1080 h 2160 dpi 440 flag 0 enable 1
DEBUG   | getMultiDisplay 0 x 0 y 0 w 1080 h 2160 dpi 440 flag 0 enable 1
DEBUG   | setDisplayColorBuffer 0 cb 8
DEBUG   | getMultiDisplay 0 x 0 y 0 w 1080 h 2160 dpi 440 flag 0 enable 1
DEBUG   | getMultiDisplay 0 x 0 y 0 w 1080 h 2160 dpi 440 flag 0 enable 1 (2x)
DEBUG   | setDisplayColorBuffer 0 cb 7
DEBUG   | setDisplayColorBuffer 0 cb 8
DEBUG   | getMultiDisplay 0 x 0 y 0 w 1080 h 2160 dpi 440 flag 0 enable 1
DEBUG   | setDisplayColorBuffer 0 cb 7
DEBUG   | setDisplayColorBuffer 0 cb 8
DEBUG   | getMultiDisplay 0 x 0 y 0 w 1080 h 2160 dpi 440 flag 0 enable 1
DEBUG   | getMultiDisplay 0 x 0 y 0 w 1080 h 2160 dpi 440 flag 0 enable 1
DEBUG   | setDisplayColorBuffer 0 cb 7
DEBUG   | getMultiDisplay 0 x 0 y 0 w 1080 h 2160 dpi 440 flag 0 enable 1
DEBUG   | setDisplayColorBuffer 0 cb 8
DEBUG   | getMultiDisplay 0 x 0 y 0 w 1080 h 2160 dpi 440 flag 0 enable 1
DEBUG   | setDisplayColorBuffer 0 cb 7
DEBUG   | getMultiDisplay 0 x 0 y 0 w 1080 h 2160 dpi 440 flag 0 enable 1
DEBUG   | setDisplayColorBuffer 0 cb 8
DEBUG   | getMultiDisplay 0 x 0 y 0 w 1080 h 2160 dpi 440 flag 0 enable 1
DEBUG   | getMultiDisplay 0 x 0 y 0 w 1080 h 2160 dpi 440 flag 0 enable 1
DEBUG   | setDisplayColorBuffer 0 cb 7
DEBUG   | getMultiDisplay 0 x 0 y 0 w 1080 h 2160 dpi 440 flag 0 enable 1
DEBUG   | setDisplayColorBuffer 0 cb 8
DEBUG   | getMultiDisplay 0 x 0 y 0 w 1080 h 2160 dpi 440 flag 0 enable 1
DEBUG   | setDisplayColorBuffer 0 cb 7
DEBUG   | getMultiDisplay 0 x 0 y 0 w 1080 h 2160 dpi 440 flag 0 enable 1
DEBUG   | setDisplayColorBuffer 0 cb 8
DEBUG   | getMultiDisplay 0 x 0 y 0 w 1080 h 2160 dpi 440 flag 0 enable 1
DEBUG   | setDisplayColorBuffer 0 cb 7
DEBUG   | getMultiDisplay 0 x 0 y 0 w 1080 h 2160 dpi 440 flag 0 enable 1
DEBUG   | setDisplayColorBuffer 0 cb 8
DEBUG   | getMultiDisplay 0 x 0 y 0 w 1080 h 2160 dpi 440 flag 0 enable 1
DEBUG   | setDisplayColorBuffer 0 cb 7
DEBUG   | getMultiDisplay 0 x 0 y 0 w 1080 h 2160 dpi 440 flag 0 enable 1
DEBUG   | setDisplayColorBuffer 0 cb 8
DEBUG   | getMultiDisplay 0 x 0 y 0 w 1080 h 2160 dpi 440 flag 0 enable 1
DEBUG   | getMultiDisplay 0 x 0 y 0 w 1080 h 2160 dpi 440 flag 0 enable 1 (2x)
DEBUG   | setDisplayColorBuffer 0 cb 7
DEBUG   | getMultiDisplay 0 x 0 y 0 w 1080 h 2160 dpi 440 flag 0 enable 1
DEBUG   | setDisplayColorBuffer 0 cb 8
DEBUG   | getMultiDisplay 0 x 0 y 0 w 1080 h 2160 dpi 440 flag 0 enable 1
DEBUG   | setDisplayColorBuffer 0 cb 7
DEBUG   | getMultiDisplay 0 x 0 y 0 w 1080 h 2160 dpi 440 flag 0 enable 1
DEBUG   | setDisplayColorBuffer 0 cb 8
DEBUG   | getMultiDisplay 0 x 0 y 0 w 1080 h 2160 dpi 440 flag 0 enable 1
DEBUG   | getMultiDisplay 0 x 0 y 0 w 1080 h 2160 dpi 440 flag 0 enable 1
DEBUG   | setDisplayColorBuffer 0 cb 7
DEBUG   | setDisplayColorBuffer 0 cb 8
DEBUG   | setDisplayColorBuffer 0 cb 7
DEBUG   | setDisplayColorBuffer 0 cb 8
DEBUG   | setDisplayColorBuffer 0 cb 7
DEBUG   | getMultiDisplay 0 x 0 y 0 w 1080 h 2160 dpi 440 flag 0 enable 1
DEBUG   | getMultiDisplay 0 x 0 y 0 w 1080 h 2160 dpi 440 flag 0 enable 1 (7x)
DEBUG   | setDisplayColorBuffer 0 cb 8
DEBUG   | setDisplayColorBuffer 0 cb 7
DEBUG   | setDisplayColorBuffer 0 cb 8
DEBUG   | setDisplayColorBuffer 0 cb 7
DEBUG   | setDisplayColorBuffer 0 cb 8
DEBUG   | setDisplayColorBuffer 0 cb 7
DEBUG   | setDisplayColorBuffer 0 cb 8
DEBUG   | setDisplayColorBuffer 0 cb 7
DEBUG   | getMultiDisplay 0 x 0 y 0 w 1080 h 2160 dpi 440 flag 0 enable 1
DEBUG   | getMultiDisplay 0 x 0 y 0 w 1080 h 2160 dpi 440 flag 0 enable 1 (3x)
DEBUG   | setDisplayColorBuffer 0 cb 8
DEBUG   | setDisplayColorBuffer 0 cb 7
DEBUG   | setDisplayColorBuffer 0 cb 8
DEBUG   | setDisplayColorBuffer 0 cb 7
DEBUG   | setDisplayColorBuffer 0 cb 8
DEBUG   | setDisplayColorBuffer 0 cb 7
DEBUG   | setDisplayColorBuffer 0 cb 8
DEBUG   | setDisplayColorBuffer 0 cb 7
DEBUG   | setDisplayColorBuffer 0 cb 8
DEBUG   | setDisplayColorBuffer 0 cb 7
DEBUG   | setDisplayColorBuffer 0 cb 8
DEBUG   | setDisplayColorBuffer 0 cb 7
DEBUG   | setDisplayColorBuffer 0 cb 8
DEBUG   | setDisplayColorBuffer 0 cb 7
DEBUG   | setDisplayColorBuffer 0 cb 8
DEBUG   | setDisplayColorBuffer 0 cb 7
DEBUG   | setDisplayColorBuffer 0 cb 8
DEBUG   | setDisplayColorBuffer 0 cb 7
DEBUG   | setDisplayColorBuffer 0 cb 8
DEBUG   | setDisplayColorBuffer 0 cb 7
DEBUG   | setDisplayColorBuffer 0 cb 8
DEBUG   | setDisplayColorBuffer 0 cb 7
DEBUG   | setDisplayColorBuffer 0 cb 8
DEBUG   | setDisplayColorBuffer 0 cb 7
DEBUG   | setDisplayColorBuffer 0 cb 8
DEBUG   | setDisplayColorBuffer 0 cb 7
DEBUG   | getMultiDisplay 0 x 0 y 0 w 1080 h 2160 dpi 440 flag 0 enable 1
DEBUG   | getMultiDisplay 0 x 0 y 0 w 1080 h 2160 dpi 440 flag 0 enable 1 (57x)
DEBUG   | Clipboard update, host->guest, value='http://nanode:7000/#/'
DEBUG   | getMultiDisplay 0 x 0 y 0 w 1080 h 2160 dpi 440 flag 0 enable 1
DEBUG   | getMultiDisplay 0 x 0 y 0 w 1080 h 2160 dpi 440 flag 0 enable 1 (9x)
DEBUG   | setDisplayColorBuffer 0 cb 8
DEBUG   | setDisplayColorBuffer 0 cb 7
DEBUG   | setDisplayColorBuffer 0 cb 8
DEBUG   | setDisplayColorBuffer 0 cb 7
DEBUG   | setDisplayColorBuffer 0 cb 8
DEBUG   | setDisplayColorBuffer 0 cb 7
DEBUG   | setDisplayColorBuffer 0 cb 8
DEBUG   | getMultiDisplay 0 x 0 y 0 w 1080 h 2160 dpi 440 flag 0 enable 1
DEBUG   | getMultiDisplay 0 x 0 y 0 w 1080 h 2160 dpi 440 flag 0 enable 1 (28x)
DEBUG   | setDisplayColorBuffer 0 cb 7
DEBUG   | setDisplayColorBuffer 0 cb 8
DEBUG   | setDisplayColorBuffer 0 cb 7
DEBUG   | setDisplayColorBuffer 0 cb 8
DEBUG   | setDisplayColorBuffer 0 cb 7
DEBUG   | setDisplayColorBuffer 0 cb 8
DEBUG   | getMultiDisplay 0 x 0 y 0 w 1080 h 2160 dpi 440 flag 0 enable 1
DEBUG   | getMultiDisplay 0 x 0 y 0 w 1080 h 2160 dpi 440 flag 0 enable 1 (292x)
DEBUG   | Error: Internal error: could not read temporary file '/tmp/android-denada/emulator-O5FFay'
DEBUG   | Error: Internal error: could not read temporary file '/tmp/android-denada/emulator-rMEIwF'
INFO    | Info: Sandboxing disabled by user. ((null):0, (null))
INFO    | Critical: Failed to load https://maps.googleapis.com/maps/api/mapsjs/gen_204?csp_test=true: The 'Access-Control-Allow-Origin' header has a value 'qrc://' that is not equal to the supplied origin. Origin 'qrc://' is therefore not allowed access. (qrc:/html/location-point.html:0, (null))
INFO    | Critical: Failed to load https://maps.googleapis.com/maps/api/mapsjs/gen_204?csp_test=true: The 'Access-Control-Allow-Origin' header has a value 'qrc://' that is not equal to the supplied origin. Origin 'qrc://' is therefore not allowed access. (qrc:/html/location-point.html:0, (null))

DEBUG   | getMultiDisplay 0 x 0 y 0 w 1080 h 2160 dpi 440 flag 0 enable 1
DEBUG   | getMultiDisplay 0 x 0 y 0 w 1080 h 2160 dpi 440 flag 0 enable 1 (278x)
DEBUG   | Data frame has invalid ether type 0
DEBUG   | Unexpected ether type: 0. Dump frame: Data (Data)
DEBUG   | getMultiDisplay 0 x 0 y 0 w 1080 h 2160 dpi 440 flag 0 enable 1
DEBUG   | getMultiDisplay 0 x 0 y 0 w 1080 h 2160 dpi 440 flag 0 enable 1 (8x)
DEBUG   | setDisplayColorBuffer 0 cb 7
DEBUG   | getMultiDisplay 0 x 0 y 0 w 1080 h 2160 dpi 440 flag 0 enable 1
DEBUG   | setDisplayColorBuffer 0 cb 8
DEBUG   | getMultiDisplay 0 x 0 y 0 w 1080 h 2160 dpi 440 flag 0 enable 1
DEBUG   | getMultiDisplay 0 x 0 y 0 w 1080 h 2160 dpi 440 flag 0 enable 1
DEBUG   | setDisplayColorBuffer 0 cb 7
DEBUG   | getMultiDisplay 0 x 0 y 0 w 1080 h 2160 dpi 440 flag 0 enable 1
DEBUG   | setDisplayColorBuffer 0 cb 8
DEBUG   | getMultiDisplay 0 x 0 y 0 w 1080 h 2160 dpi 440 flag 0 enable 1
DEBUG   | setDisplayColorBuffer 0 cb 7
DEBUG   | getMultiDisplay 0 x 0 y 0 w 1080 h 2160 dpi 440 flag 0 enable 1
DEBUG   | getMultiDisplay 0 x 0 y 0 w 1080 h 2160 dpi 440 flag 0 enable 1
DEBUG   | setDisplayColorBuffer 0 cb 8
DEBUG   | getMultiDisplay 0 x 0 y 0 w 1080 h 2160 dpi 440 flag 0 enable 1
DEBUG   | setDisplayColorBuffer 0 cb 7
DEBUG   | getMultiDisplay 0 x 0 y 0 w 1080 h 2160 dpi 440 flag 0 enable 1
DEBUG   | setDisplayColorBuffer 0 cb 8
DEBUG   | getMultiDisplay 0 x 0 y 0 w 1080 h 2160 dpi 440 flag 0 enable 1
DEBUG   | setDisplayColorBuffer 0 cb 7
DEBUG   | getMultiDisplay 0 x 0 y 0 w 1080 h 2160 dpi 440 flag 0 enable 1
DEBUG   | getMultiDisplay 0 x 0 y 0 w 1080 h 2160 dpi 440 flag 0 enable 1
DEBUG   | setDisplayColorBuffer 0 cb 8
DEBUG   | getMultiDisplay 0 x 0 y 0 w 1080 h 2160 dpi 440 flag 0 enable 1
DEBUG   | setDisplayColorBuffer 0 cb 7
DEBUG   | getMultiDisplay 0 x 0 y 0 w 1080 h 2160 dpi 440 flag 0 enable 1
DEBUG   | setDisplayColorBuffer 0 cb 8
DEBUG   | getMultiDisplay 0 x 0 y 0 w 1080 h 2160 dpi 440 flag 0 enable 1
DEBUG   | setDisplayColorBuffer 0 cb 7
DEBUG   | getMultiDisplay 0 x 0 y 0 w 1080 h 2160 dpi 440 flag 0 enable 1
DEBUG   | setDisplayColorBuffer 0 cb 8
DEBUG   | getMultiDisplay 0 x 0 y 0 w 1080 h 2160 dpi 440 flag 0 enable 1
DEBUG   | setDisplayColorBuffer 0 cb 7
DEBUG   | getMultiDisplay 0 x 0 y 0 w 1080 h 2160 dpi 440 flag 0 enable 1
DEBUG   | getMultiDisplay 0 x 0 y 0 w 1080 h 2160 dpi 440 flag 0 enable 1 (7x)
DEBUG   | setDisplayColorBuffer 0 cb 8
DEBUG   | setDisplayColorBuffer 0 cb 7
DEBUG   | setDisplayColorBuffer 0 cb 8
DEBUG   | setDisplayColorBuffer 0 cb 7
DEBUG   | setDisplayColorBuffer 0 cb 8
DEBUG   | setDisplayColorBuffer 0 cb 7
DEBUG   | setDisplayColorBuffer 0 cb 8
DEBUG   | setDisplayColorBuffer 0 cb 7
DEBUG   | setDisplayColorBuffer 0 cb 8
DEBUG   | setDisplayColorBuffer 0 cb 7
DEBUG   | setDisplayColorBuffer 0 cb 8
DEBUG   | setDisplayColorBuffer 0 cb 7
DEBUG   | setDisplayColorBuffer 0 cb 8
DEBUG   | setDisplayColorBuffer 0 cb 7
DEBUG   | setDisplayColorBuffer 0 cb 8
DEBUG   | setDisplayColorBuffer 0 cb 7
DEBUG   | setDisplayColorBuffer 0 cb 8
DEBUG   | setDisplayColorBuffer 0 cb 7
DEBUG   | setDisplayColorBuffer 0 cb 8
DEBUG   | setDisplayColorBuffer 0 cb 7
DEBUG   | setDisplayColorBuffer 0 cb 8
DEBUG   | setDisplayColorBuffer 0 cb 7
DEBUG   | setDisplayColorBuffer 0 cb 8
DEBUG   | setDisplayColorBuffer 0 cb 7
DEBUG   | setDisplayColorBuffer 0 cb 8
DEBUG   | getMultiDisplay 0 x 0 y 0 w 1080 h 2160 dpi 440 flag 0 enable 1
I0110 15:01:39.824280   40149 VkDecoderGlobalState.cpp:444] Creating Vulkan instance for app: Chromium
I0110 15:01:40.016180   40149 VkDecoderGlobalState.cpp:1271] Created new VkDevice. ASTC emulation? 1. CPU decoding? 0
I0110 15:01:40.590490   40149 VkDecoderGlobalState.cpp:1551] gfxstream_texture_format_manifest: VK_FORMAT_R8G8B8A8_UNORM
I0110 15:01:45.345904   40149 VkDecoderGlobalState.cpp:1551] gfxstream_texture_format_manifest: VK_FORMAT_R8_UNORM
DEBUG   | getMultiDisplay 0 x 0 y 0 w 1080 h 2160 dpi 440 flag 0 enable 1 (43x)
DEBUG   | setDisplayColorBuffer 0 cb 7
DEBUG   | setDisplayColorBuffer 0 cb 8
DEBUG   | setDisplayColorBuffer 0 cb 7
DEBUG   | setDisplayColorBuffer 0 cb 8
DEBUG   | setDisplayColorBuffer 0 cb 7
DEBUG   | setDisplayColorBuffer 0 cb 8
DEBUG   | setDisplayColorBuffer 0 cb 7
DEBUG   | setDisplayColorBuffer 0 cb 8
DEBUG   | setDisplayColorBuffer 0 cb 7
DEBUG   | setDisplayColorBuffer 0 cb 8
DEBUG   | getMultiDisplay 0 x 0 y 0 w 1080 h 2160 dpi 440 flag 0 enable 1
DEBUG   | getMultiDisplay 0 x 0 y 0 w 1080 h 2160 dpi 440 flag 0 enable 1 (165x)
DEBUG   | Clipboard update, host->guest, value='100.121.72.25'
DEBUG   | Clipboard update, host->guest, value='100.121.72.25'
DEBUG   | getMultiDisplay 0 x 0 y 0 w 1080 h 2160 dpi 440 flag 0 enable 1
DEBUG   | getMultiDisplay 0 x 0 y 0 w 1080 h 2160 dpi 440 flag 0 enable 1 (152x)
DEBUG   | setDisplayColorBuffer 0 cb 7
DEBUG   | getMultiDisplay 0 x 0 y 0 w 1080 h 2160 dpi 440 flag 0 enable 1
DEBUG   | getMultiDisplay 0 x 0 y 0 w 1080 h 2160 dpi 440 flag 0 enable 1 (6x)
DEBUG   | setDisplayColorBuffer 0 cb 8
DEBUG   | getMultiDisplay 0 x 0 y 0 w 1080 h 2160 dpi 440 flag 0 enable 1
DEBUG   | getMultiDisplay 0 x 0 y 0 w 1080 h 2160 dpi 440 flag 0 enable 1 (2x)
DEBUG   | setDisplayColorBuffer 0 cb 7
DEBUG   | getMultiDisplay 0 x 0 y 0 w 1080 h 2160 dpi 440 flag 0 enable 1
DEBUG   | setDisplayColorBuffer 0 cb 8
DEBUG   | getMultiDisplay 0 x 0 y 0 w 1080 h 2160 dpi 440 flag 0 enable 1
DEBUG   | setDisplayColorBuffer 0 cb 7
DEBUG   | getMultiDisplay 0 x 0 y 0 w 1080 h 2160 dpi 440 flag 0 enable 1
DEBUG   | getMultiDisplay 0 x 0 y 0 w 1080 h 2160 dpi 440 flag 0 enable 1 (2x)
DEBUG   | setDisplayColorBuffer 0 cb 8
DEBUG   | setDisplayColorBuffer 0 cb 7
DEBUG   | setDisplayColorBuffer 0 cb 8
DEBUG   | setDisplayColorBuffer 0 cb 7
DEBUG   | getMultiDisplay 0 x 0 y 0 w 1080 h 2160 dpi 440 flag 0 enable 1
DEBUG   | getMultiDisplay 0 x 0 y 0 w 1080 h 2160 dpi 440 flag 0 enable 1
DEBUG   | setDisplayColorBuffer 0 cb 8
DEBUG   | setDisplayColorBuffer 0 cb 7
DEBUG   | setDisplayColorBuffer 0 cb 8
DEBUG   | setDisplayColorBuffer 0 cb 7
DEBUG   | setDisplayColorBuffer 0 cb 8
DEBUG   | setDisplayColorBuffer 0 cb 7
DEBUG   | setDisplayColorBuffer 0 cb 8
DEBUG   | setDisplayColorBuffer 0 cb 7
DEBUG   | setDisplayColorBuffer 0 cb 8
DEBUG   | setDisplayColorBuffer 0 cb 7
DEBUG   | setDisplayColorBuffer 0 cb 8
DEBUG   | setDisplayColorBuffer 0 cb 7
DEBUG   | setDisplayColorBuffer 0 cb 8
DEBUG   | setDisplayColorBuffer 0 cb 7
DEBUG   | setDisplayColorBuffer 0 cb 8
DEBUG   | setDisplayColorBuffer 0 cb 7
DEBUG   | setDisplayColorBuffer 0 cb 8
DEBUG   | setDisplayColorBuffer 0 cb 7
DEBUG   | setDisplayColorBuffer 0 cb 8
DEBUG   | setDisplayColorBuffer 0 cb 7
DEBUG   | setDisplayColorBuffer 0 cb 8
DEBUG   | setDisplayColorBuffer 0 cb 7
DEBUG   | getMultiDisplay 0 x 0 y 0 w 1080 h 2160 dpi 440 flag 0 enable 1
DEBUG   | getMultiDisplay 0 x 0 y 0 w 1080 h 2160 dpi 440 flag 0 enable 1 (10x)
DEBUG   | setDisplayColorBuffer 0 cb 8
DEBUG   | getMultiDisplay 0 x 0 y 0 w 1080 h 2160 dpi 440 flag 0 enable 1
DEBUG   | getMultiDisplay 0 x 0 y 0 w 1080 h 2160 dpi 440 flag 0 enable 1
DEBUG   | setDisplayColorBuffer 0 cb 7
DEBUG   | getMultiDisplay 0 x 0 y 0 w 1080 h 2160 dpi 440 flag 0 enable 1
DEBUG   | getMultiDisplay 0 x 0 y 0 w 1080 h 2160 dpi 440 flag 0 enable 1 (2x)
DEBUG   | setDisplayColorBuffer 0 cb 8
DEBUG   | getMultiDisplay 0 x 0 y 0 w 1080 h 2160 dpi 440 flag 0 enable 1
DEBUG   | getMultiDisplay 0 x 0 y 0 w 1080 h 2160 dpi 440 flag 0 enable 1 (2x)
DEBUG   | setDisplayColorBuffer 0 cb 7
DEBUG   | getMultiDisplay 0 x 0 y 0 w 1080 h 2160 dpi 440 flag 0 enable 1
DEBUG   | getMultiDisplay 0 x 0 y 0 w 1080 h 2160 dpi 440 flag 0 enable 1
DEBUG   | setDisplayColorBuffer 0 cb 8
DEBUG   | getMultiDisplay 0 x 0 y 0 w 1080 h 2160 dpi 440 flag 0 enable 1
DEBUG   | getMultiDisplay 0 x 0 y 0 w 1080 h 2160 dpi 440 flag 0 enable 1
DEBUG   | setDisplayColorBuffer 0 cb 7
DEBUG   | getMultiDisplay 0 x 0 y 0 w 1080 h 2160 dpi 440 flag 0 enable 1
DEBUG   | setDisplayColorBuffer 0 cb 8
DEBUG   | getMultiDisplay 0 x 0 y 0 w 1080 h 2160 dpi 440 flag 0 enable 1
DEBUG   | getMultiDisplay 0 x 0 y 0 w 1080 h 2160 dpi 440 flag 0 enable 1 (23x)
DEBUG   | setDisplayColorBuffer 0 cb 7
DEBUG   | setDisplayColorBuffer 0 cb 8
DEBUG   | getMultiDisplay 0 x 0 y 0 w 1080 h 2160 dpi 440 flag 0 enable 1
DEBUG   | setDisplayColorBuffer 0 cb 7
DEBUG   | getMultiDisplay 0 x 0 y 0 w 1080 h 2160 dpi 440 flag 0 enable 1
DEBUG   | getMultiDisplay 0 x 0 y 0 w 1080 h 2160 dpi 440 flag 0 enable 1 (2x)
DEBUG   | setDisplayColorBuffer 0 cb 8
DEBUG   | getMultiDisplay 0 x 0 y 0 w 1080 h 2160 dpi 440 flag 0 enable 1
DEBUG   | getMultiDisplay 0 x 0 y 0 w 1080 h 2160 dpi 440 flag 0 enable 1 (164x)
DEBUG   | Pushing next item... [Queue length: 1]
DEBUG   | getMultiDisplay 0 x 0 y 0 w 1080 h 2160 dpi 440 flag 0 enable 1
DEBUG   | getMultiDisplay 0 x 0 y 0 w 1080 h 2160 dpi 440 flag 0 enable 1 (7x)
DEBUG   | setDisplayColorBuffer 0 cb 7
DEBUG   | getMultiDisplay 0 x 0 y 0 w 1080 h 2160 dpi 440 flag 0 enable 1
DEBUG   | getMultiDisplay 0 x 0 y 0 w 1080 h 2160 dpi 440 flag 0 enable 1 (2x)
DEBUG   | setDisplayColorBuffer 0 cb 8
DEBUG   | getMultiDisplay 0 x 0 y 0 w 1080 h 2160 dpi 440 flag 0 enable 1
DEBUG   | getMultiDisplay 0 x 0 y 0 w 1080 h 2160 dpi 440 flag 0 enable 1
DEBUG   | setDisplayColorBuffer 0 cb 7
DEBUG   | setDisplayColorBuffer 0 cb 8
DEBUG   | getMultiDisplay 0 x 0 y 0 w 1080 h 2160 dpi 440 flag 0 enable 1
DEBUG   | getMultiDisplay 0 x 0 y 0 w 1080 h 2160 dpi 440 flag 0 enable 1
DEBUG   | setDisplayColorBuffer 0 cb 7
DEBUG   | getMultiDisplay 0 x 0 y 0 w 1080 h 2160 dpi 440 flag 0 enable 1
DEBUG   | setDisplayColorBuffer 0 cb 8
DEBUG   | getMultiDisplay 0 x 0 y 0 w 1080 h 2160 dpi 440 flag 0 enable 1
DEBUG   | getMultiDisplay 0 x 0 y 0 w 1080 h 2160 dpi 440 flag 0 enable 1
DEBUG   | setDisplayColorBuffer 0 cb 7
DEBUG   | getMultiDisplay 0 x 0 y 0 w 1080 h 2160 dpi 440 flag 0 enable 1
DEBUG   | getMultiDisplay 0 x 0 y 0 w 1080 h 2160 dpi 440 flag 0 enable 1
DEBUG   | setDisplayColorBuffer 0 cb 8
DEBUG   | getMultiDisplay 0 x 0 y 0 w 1080 h 2160 dpi 440 flag 0 enable 1
DEBUG   | setDisplayColorBuffer 0 cb 7
DEBUG   | getMultiDisplay 0 x 0 y 0 w 1080 h 2160 dpi 440 flag 0 enable 1
DEBUG   | setDisplayColorBuffer 0 cb 8
DEBUG   | getMultiDisplay 0 x 0 y 0 w 1080 h 2160 dpi 440 flag 0 enable 1
DEBUG   | setDisplayColorBuffer 0 cb 7
DEBUG   | getMultiDisplay 0 x 0 y 0 w 1080 h 2160 dpi 440 flag 0 enable 1
DEBUG   | setDisplayColorBuffer 0 cb 8
DEBUG   | getMultiDisplay 0 x 0 y 0 w 1080 h 2160 dpi 440 flag 0 enable 1
DEBUG   | setDisplayColorBuffer 0 cb 7
DEBUG   | getMultiDisplay 0 x 0 y 0 w 1080 h 2160 dpi 440 flag 0 enable 1
DEBUG   | setDisplayColorBuffer 0 cb 8
DEBUG   | getMultiDisplay 0 x 0 y 0 w 1080 h 2160 dpi 440 flag 0 enable 1
DEBUG   | setDisplayColorBuffer 0 cb 7
DEBUG   | getMultiDisplay 0 x 0 y 0 w 1080 h 2160 dpi 440 flag 0 enable 1
DEBUG   | setDisplayColorBuffer 0 cb 8
DEBUG   | getMultiDisplay 0 x 0 y 0 w 1080 h 2160 dpi 440 flag 0 enable 1
DEBUG   | getMultiDisplay 0 x 0 y 0 w 1080 h 2160 dpi 440 flag 0 enable 1
DEBUG   | setDisplayColorBuffer 0 cb 7
DEBUG   | getMultiDisplay 0 x 0 y 0 w 1080 h 2160 dpi 440 flag 0 enable 1
DEBUG   | setDisplayColorBuffer 0 cb 8
DEBUG   | getMultiDisplay 0 x 0 y 0 w 1080 h 2160 dpi 440 flag 0 enable 1
DEBUG   | getMultiDisplay 0 x 0 y 0 w 1080 h 2160 dpi 440 flag 0 enable 1
DEBUG   | setDisplayColorBuffer 0 cb 7
DEBUG   | getMultiDisplay 0 x 0 y 0 w 1080 h 2160 dpi 440 flag 0 enable 1
DEBUG   | getMultiDisplay 0 x 0 y 0 w 1080 h 2160 dpi 440 flag 0 enable 1
DEBUG   | setDisplayColorBuffer 0 cb 8
DEBUG   | setDisplayColorBuffer 0 cb 7
DEBUG   | setDisplayColorBuffer 0 cb 8
DEBUG   | setDisplayColorBuffer 0 cb 7
DEBUG   | setDisplayColorBuffer 0 cb 8
DEBUG   | setDisplayColorBuffer 0 cb 7
DEBUG   | setDisplayColorBuffer 0 cb 8
DEBUG   | setDisplayColorBuffer 0 cb 7
DEBUG   | setDisplayColorBuffer 0 cb 8
DEBUG   | setDisplayColorBuffer 0 cb 7
DEBUG   | setDisplayColorBuffer 0 cb 8
DEBUG   | getMultiDisplay 0 x 0 y 0 w 1080 h 2160 dpi 440 flag 0 enable 1
DEBUG   | getMultiDisplay 0 x 0 y 0 w 1080 h 2160 dpi 440 flag 0 enable 1 (6x)
DEBUG   | setDisplayColorBuffer 0 cb 7
DEBUG   | getMultiDisplay 0 x 0 y 0 w 1080 h 2160 dpi 440 flag 0 enable 1
DEBUG   | setDisplayColorBuffer 0 cb 8
DEBUG   | getMultiDisplay 0 x 0 y 0 w 1080 h 2160 dpi 440 flag 0 enable 1
DEBUG   | getMultiDisplay 0 x 0 y 0 w 1080 h 2160 dpi 440 flag 0 enable 1
DEBUG   | setDisplayColorBuffer 0 cb 7
DEBUG   | getMultiDisplay 0 x 0 y 0 w 1080 h 2160 dpi 440 flag 0 enable 1
DEBUG   | getMultiDisplay 0 x 0 y 0 w 1080 h 2160 dpi 440 flag 0 enable 1
DEBUG   | setDisplayColorBuffer 0 cb 8
DEBUG   | getMultiDisplay 0 x 0 y 0 w 1080 h 2160 dpi 440 flag 0 enable 1
DEBUG   | getMultiDisplay 0 x 0 y 0 w 1080 h 2160 dpi 440 flag 0 enable 1 (4x)
DEBUG   | setDisplayColorBuffer 0 cb 7
DEBUG   | setDisplayColorBuffer 0 cb 8
DEBUG   | setDisplayColorBuffer 0 cb 7
DEBUG   | setDisplayColorBuffer 0 cb 8
DEBUG   | setDisplayColorBuffer 0 cb 7
DEBUG   | setDisplayColorBuffer 0 cb 8
DEBUG   | setDisplayColorBuffer 0 cb 7
DEBUG   | setDisplayColorBuffer 0 cb 8
DEBUG   | setDisplayColorBuffer 0 cb 7
DEBUG   | setDisplayColorBuffer 0 cb 8
DEBUG   | setDisplayColorBuffer 0 cb 7
DEBUG   | setDisplayColorBuffer 0 cb 8
DEBUG   | setDisplayColorBuffer 0 cb 7
DEBUG   | setDisplayColorBuffer 0 cb 8
DEBUG   | setDisplayColorBuffer 0 cb 7
DEBUG   | setDisplayColorBuffer 0 cb 8
DEBUG   | setDisplayColorBuffer 0 cb 7
DEBUG   | setDisplayColorBuffer 0 cb 8
DEBUG   | setDisplayColorBuffer 0 cb 7
DEBUG   | setDisplayColorBuffer 0 cb 8
DEBUG   | setDisplayColorBuffer 0 cb 7
DEBUG   | setDisplayColorBuffer 0 cb 8
DEBUG   | setDisplayColorBuffer 0 cb 7
DEBUG   | getMultiDisplay 0 x 0 y 0 w 1080 h 2160 dpi 440 flag 0 enable 1
E0110 15:05:54.174368   40550 FrameBuffer.cpp:1861] bad color buffer handle 0x1b8
DEBUG   | getMultiDisplay 0 x 0 y 0 w 1080 h 2160 dpi 440 flag 0 enable 1 (117x)
DEBUG   | setDisplayColorBuffer 0 cb 8
DEBUG   | setDisplayColorBuffer 0 cb 7
DEBUG   | getMultiDisplay 0 x 0 y 0 w 1080 h 2160 dpi 440 flag 0 enable 1
DEBUG   | getMultiDisplay 0 x 0 y 0 w 1080 h 2160 dpi 440 flag 0 enable 1
DEBUG   | setDisplayColorBuffer 0 cb 8
DEBUG   | getMultiDisplay 0 x 0 y 0 w 1080 h 2160 dpi 440 flag 0 enable 1
DEBUG   | getMultiDisplay 0 x 0 y 0 w 1080 h 2160 dpi 440 flag 0 enable 1 (2x)
DEBUG   | setDisplayColorBuffer 0 cb 7
DEBUG   | getMultiDisplay 0 x 0 y 0 w 1080 h 2160 dpi 440 flag 0 enable 1
DEBUG   | setDisplayColorBuffer 0 cb 8
DEBUG   | getMultiDisplay 0 x 0 y 0 w 1080 h 2160 dpi 440 flag 0 enable 1
DEBUG   | getMultiDisplay 0 x 0 y 0 w 1080 h 2160 dpi 440 flag 0 enable 1 (2x)
DEBUG   | setDisplayColorBuffer 0 cb 7
DEBUG   | setDisplayColorBuffer 0 cb 8
DEBUG   | getMultiDisplay 0 x 0 y 0 w 1080 h 2160 dpi 440 flag 0 enable 1
DEBUG   | getMultiDisplay 0 x 0 y 0 w 1080 h 2160 dpi 440 flag 0 enable 1
DEBUG   | setDisplayColorBuffer 0 cb 7
DEBUG   | setDisplayColorBuffer 0 cb 8
DEBUG   | setDisplayColorBuffer 0 cb 7
DEBUG   | setDisplayColorBuffer 0 cb 8
DEBUG   | setDisplayColorBuffer 0 cb 7
DEBUG   | setDisplayColorBuffer 0 cb 8
DEBUG   | setDisplayColorBuffer 0 cb 7
DEBUG   | setDisplayColorBuffer 0 cb 8
DEBUG   | setDisplayColorBuffer 0 cb 7
DEBUG   | setDisplayColorBuffer 0 cb 8
DEBUG   | setDisplayColorBuffer 0 cb 7
DEBUG   | setDisplayColorBuffer 0 cb 8
DEBUG   | setDisplayColorBuffer 0 cb 7
DEBUG   | setDisplayColorBuffer 0 cb 8
DEBUG   | setDisplayColorBuffer 0 cb 7
DEBUG   | setDisplayColorBuffer 0 cb 8
DEBUG   | setDisplayColorBuffer 0 cb 7
DEBUG   | setDisplayColorBuffer 0 cb 8
DEBUG   | setDisplayColorBuffer 0 cb 7
DEBUG   | setDisplayColorBuffer 0 cb 8
DEBUG   | setDisplayColorBuffer 0 cb 7
DEBUG   | setDisplayColorBuffer 0 cb 8
DEBUG   | setDisplayColorBuffer 0 cb 7
DEBUG   | setDisplayColorBuffer 0 cb 8
DEBUG   | setDisplayColorBuffer 0 cb 7
DEBUG   | setDisplayColorBuffer 0 cb 8
DEBUG   | getMultiDisplay 0 x 0 y 0 w 1080 h 2160 dpi 440 flag 0 enable 1
DEBUG   | getMultiDisplay 0 x 0 y 0 w 1080 h 2160 dpi 440 flag 0 enable 1 (5x)
DEBUG   | Data frame has invalid ether type 0
DEBUG   | Unexpected ether type: 0. Dump frame: Data (Data)
DEBUG   | getMultiDisplay 0 x 0 y 0 w 1080 h 2160 dpi 440 flag 0 enable 1
DEBUG   | getMultiDisplay 0 x 0 y 0 w 1080 h 2160 dpi 440 flag 0 enable 1 (34x)
DEBUG   | setDisplayColorBuffer 0 cb 7
DEBUG   | getMultiDisplay 0 x 0 y 0 w 1080 h 2160 dpi 440 flag 0 enable 1
DEBUG   | getMultiDisplay 0 x 0 y 0 w 1080 h 2160 dpi 440 flag 0 enable 1
DEBUG   | setDisplayColorBuffer 0 cb 8
DEBUG   | getMultiDisplay 0 x 0 y 0 w 1080 h 2160 dpi 440 flag 0 enable 1
DEBUG   | getMultiDisplay 0 x 0 y 0 w 1080 h 2160 dpi 440 flag 0 enable 1
DEBUG   | setDisplayColorBuffer 0 cb 7
DEBUG   | getMultiDisplay 0 x 0 y 0 w 1080 h 2160 dpi 440 flag 0 enable 1
DEBUG   | setDisplayColorBuffer 0 cb 8
DEBUG   | getMultiDisplay 0 x 0 y 0 w 1080 h 2160 dpi 440 flag 0 enable 1
DEBUG   | getMultiDisplay 0 x 0 y 0 w 1080 h 2160 dpi 440 flag 0 enable 1
DEBUG   | setDisplayColorBuffer 0 cb 7
DEBUG   | getMultiDisplay 0 x 0 y 0 w 1080 h 2160 dpi 440 flag 0 enable 1
DEBUG   | getMultiDisplay 0 x 0 y 0 w 1080 h 2160 dpi 440 flag 0 enable 1 (6x)
DEBUG   | setDisplayColorBuffer 0 cb 8
DEBUG   | setDisplayColorBuffer 0 cb 7
DEBUG   | setDisplayColorBuffer 0 cb 8
DEBUG   | setDisplayColorBuffer 0 cb 7
DEBUG   | setDisplayColorBuffer 0 cb 8
DEBUG   | setDisplayColorBuffer 0 cb 7
DEBUG   | setDisplayColorBuffer 0 cb 8
DEBUG   | setDisplayColorBuffer 0 cb 7
DEBUG   | setDisplayColorBuffer 0 cb 8
DEBUG   | setDisplayColorBuffer 0 cb 7
DEBUG   | setDisplayColorBuffer 0 cb 8
DEBUG   | setDisplayColorBuffer 0 cb 7
DEBUG   | setDisplayColorBuffer 0 cb 8
DEBUG   | setDisplayColorBuffer 0 cb 7
DEBUG   | setDisplayColorBuffer 0 cb 8
DEBUG   | setDisplayColorBuffer 0 cb 7
DEBUG   | setDisplayColorBuffer 0 cb 8
DEBUG   | setDisplayColorBuffer 0 cb 7
DEBUG   | getMultiDisplay 0 x 0 y 0 w 1080 h 2160 dpi 440 flag 0 enable 1
DEBUG   | getMultiDisplay 0 x 0 y 0 w 1080 h 2160 dpi 440 flag 0 enable 1 (141x)
DEBUG   | setDisplayColorBuffer 0 cb 8
DEBUG   | getMultiDisplay 0 x 0 y 0 w 1080 h 2160 dpi 440 flag 0 enable 1
DEBUG   | setDisplayColorBuffer 0 cb 7
DEBUG   | getMultiDisplay 0 x 0 y 0 w 1080 h 2160 dpi 440 flag 0 enable 1
DEBUG   | getMultiDisplay 0 x 0 y 0 w 1080 h 2160 dpi 440 flag 0 enable 1 (2x)
DEBUG   | setDisplayColorBuffer 0 cb 8
DEBUG   | getMultiDisplay 0 x 0 y 0 w 1080 h 2160 dpi 440 flag 0 enable 1
DEBUG   | getMultiDisplay 0 x 0 y 0 w 1080 h 2160 dpi 440 flag 0 enable 1
DEBUG   | setDisplayColorBuffer 0 cb 7
DEBUG   | getMultiDisplay 0 x 0 y 0 w 1080 h 2160 dpi 440 flag 0 enable 1
DEBUG   | getMultiDisplay 0 x 0 y 0 w 1080 h 2160 dpi 440 flag 0 enable 1
DEBUG   | setDisplayColorBuffer 0 cb 8
DEBUG   | getMultiDisplay 0 x 0 y 0 w 1080 h 2160 dpi 440 flag 0 enable 1
DEBUG   | getMultiDisplay 0 x 0 y 0 w 1080 h 2160 dpi 440 flag 0 enable 1
DEBUG   | setDisplayColorBuffer 0 cb 7
DEBUG   | getMultiDisplay 0 x 0 y 0 w 1080 h 2160 dpi 440 flag 0 enable 1
DEBUG   | getMultiDisplay 0 x 0 y 0 w 1080 h 2160 dpi 440 flag 0 enable 1 (26x)
DEBUG   | setDisplayColorBuffer 0 cb 8
DEBUG   | setDisplayColorBuffer 0 cb 7
DEBUG   | setDisplayColorBuffer 0 cb 8
DEBUG   | setDisplayColorBuffer 0 cb 7
DEBUG   | setDisplayColorBuffer 0 cb 8
DEBUG   | setDisplayColorBuffer 0 cb 7
DEBUG   | setDisplayColorBuffer 0 cb 8
DEBUG   | setDisplayColorBuffer 0 cb 7
DEBUG   | setDisplayColorBuffer 0 cb 8
DEBUG   | setDisplayColorBuffer 0 cb 7
DEBUG   | setDisplayColorBuffer 0 cb 8
DEBUG   | setDisplayColorBuffer 0 cb 7
DEBUG   | setDisplayColorBuffer 0 cb 8
DEBUG   | setDisplayColorBuffer 0 cb 7
DEBUG   | setDisplayColorBuffer 0 cb 8
DEBUG   | setDisplayColorBuffer 0 cb 7
DEBUG   | setDisplayColorBuffer 0 cb 8
DEBUG   | getMultiDisplay 0 x 0 y 0 w 1080 h 2160 dpi 440 flag 0 enable 1
DEBUG   | getMultiDisplay 0 x 0 y 0 w 1080 h 2160 dpi 440 flag 0 enable 1 (154x)
DEBUG   | setDisplayColorBuffer 0 cb 7
DEBUG   | getMultiDisplay 0 x 0 y 0 w 1080 h 2160 dpi 440 flag 0 enable 1
DEBUG   | setDisplayColorBuffer 0 cb 8
DEBUG   | getMultiDisplay 0 x 0 y 0 w 1080 h 2160 dpi 440 flag 0 enable 1
DEBUG   | setDisplayColorBuffer 0 cb 7
DEBUG   | getMultiDisplay 0 x 0 y 0 w 1080 h 2160 dpi 440 flag 0 enable 1
DEBUG   | getMultiDisplay 0 x 0 y 0 w 1080 h 2160 dpi 440 flag 0 enable 1
DEBUG   | setDisplayColorBuffer 0 cb 8
DEBUG   | setDisplayColorBuffer 0 cb 7
DEBUG   | setDisplayColorBuffer 0 cb 8
DEBUG   | setDisplayColorBuffer 0 cb 7
DEBUG   | setDisplayColorBuffer 0 cb 8
DEBUG   | setDisplayColorBuffer 0 cb 7
DEBUG   | setDisplayColorBuffer 0 cb 8
DEBUG   | setDisplayColorBuffer 0 cb 7
DEBUG   | getMultiDisplay 0 x 0 y 0 w 1080 h 2160 dpi 440 flag 0 enable 1
DEBUG   | getMultiDisplay 0 x 0 y 0 w 1080 h 2160 dpi 440 flag 0 enable 1 (18x)
DEBUG   | setDisplayColorBuffer 0 cb 8
DEBUG   | getMultiDisplay 0 x 0 y 0 w 1080 h 2160 dpi 440 flag 0 enable 1
DEBUG   | setDisplayColorBuffer 0 cb 7
DEBUG   | setDisplayColorBuffer 0 cb 8
DEBUG   | setDisplayColorBuffer 0 cb 7
DEBUG   | setDisplayColorBuffer 0 cb 8
DEBUG   | setDisplayColorBuffer 0 cb 7
DEBUG   | setDisplayColorBuffer 0 cb 8
DEBUG   | setDisplayColorBuffer 0 cb 7
DEBUG   | setDisplayColorBuffer 0 cb 8
DEBUG   | setDisplayColorBuffer 0 cb 7
DEBUG   | setDisplayColorBuffer 0 cb 8
DEBUG   | setDisplayColorBuffer 0 cb 7
DEBUG   | setDisplayColorBuffer 0 cb 8
DEBUG   | setDisplayColorBuffer 0 cb 7
DEBUG   | setDisplayColorBuffer 0 cb 8
DEBUG   | getMultiDisplay 0 x 0 y 0 w 1080 h 2160 dpi 440 flag 0 enable 1
DEBUG   | getMultiDisplay 0 x 0 y 0 w 1080 h 2160 dpi 440 flag 0 enable 1 (21x)
DEBUG   | setDisplayColorBuffer 0 cb 7
DEBUG   | setDisplayColorBuffer 0 cb 8
DEBUG   | setDisplayColorBuffer 0 cb 7
DEBUG   | setDisplayColorBuffer 0 cb 8
DEBUG   | setDisplayColorBuffer 0 cb 7
DEBUG   | setDisplayColorBuffer 0 cb 8
DEBUG   | setDisplayColorBuffer 0 cb 7
DEBUG   | setDisplayColorBuffer 0 cb 8
DEBUG   | setDisplayColorBuffer 0 cb 7
DEBUG   | setDisplayColorBuffer 0 cb 8
DEBUG   | setDisplayColorBuffer 0 cb 7
DEBUG   | setDisplayColorBuffer 0 cb 8
DEBUG   | setDisplayColorBuffer 0 cb 7
DEBUG   | getMultiDisplay 0 x 0 y 0 w 1080 h 2160 dpi 440 flag 0 enable 1
DEBUG   | getMultiDisplay 0 x 0 y 0 w 1080 h 2160 dpi 440 flag 0 enable 1
DEBUG   | setDisplayColorBuffer 0 cb 8
DEBUG   | setDisplayColorBuffer 0 cb 7
DEBUG   | setDisplayColorBuffer 0 cb 8
DEBUG   | setDisplayColorBuffer 0 cb 7
DEBUG   | setDisplayColorBuffer 0 cb 8
DEBUG   | setDisplayColorBuffer 0 cb 7
DEBUG   | setDisplayColorBuffer 0 cb 8
DEBUG   | setDisplayColorBuffer 0 cb 7
DEBUG   | setDisplayColorBuffer 0 cb 8
DEBUG   | setDisplayColorBuffer 0 cb 7
DEBUG   | setDisplayColorBuffer 0 cb 8
DEBUG   | setDisplayColorBuffer 0 cb 7
DEBUG   | setDisplayColorBuffer 0 cb 8
DEBUG   | setDisplayColorBuffer 0 cb 7
DEBUG   | setDisplayColorBuffer 0 cb 8
DEBUG   | setDisplayColorBuffer 0 cb 7
DEBUG   | setDisplayColorBuffer 0 cb 8
DEBUG   | setDisplayColorBuffer 0 cb 7
DEBUG   | setDisplayColorBuffer 0 cb 8
DEBUG   | setDisplayColorBuffer 0 cb 7
DEBUG   | setDisplayColorBuffer 0 cb 8
DEBUG   | setDisplayColorBuffer 0 cb 7
DEBUG   | setDisplayColorBuffer 0 cb 8
INFO    | Wait for emulator (pid 38759) 20 seconds to shutdown gracefully before kill;you can set environment variable ANDROID_EMULATOR_WAIT_TIME_BEFORE_KILL(in seconds) to change the default value (20 seconds)
WARNING | Discarding the changed state (command-line flag).
ERROR   | stop: Not implemented
DEBUG   | Error reading from client fd: error
DEBUG   | Done with QEMU main loop
DEBUG   | User configuration saved to /home/denada/.android/avd/../avd/pixel-3-34.avd/emulator-user.ini
DEBUG   | sending STOP to modem simulator host server
DEBUG   | received exit request from parent process
DEBUG   | waiting for monitor thread to join
DEBUG   | requested to exit now
DEBUG   | Hostapd main loop has stopped.
